2021-10-05 23:20:54.7522|Debug|User exited the program| 
2021-10-05 23:21:33.7024|Trace|User chose option 1: Movies| 
2021-10-05 23:21:35.3630|Trace|User chose to search movies| 
2021-10-05 23:21:43.5436|Trace|User chose option 1: Movies| 
2021-10-05 23:21:44.9363|Trace|User chose to add movie| 
2021-10-05 23:22:02.3342|Trace|User chose option 1: Movies| 
2021-10-05 23:22:03.4603|Trace|User chose to search movies| 
2021-10-05 23:22:09.4647|Debug|User exited the program| 
2021-10-05 23:22:14.8852|Trace|User chose option 1: Movies| 
2021-10-05 23:22:15.8332|Trace|User chose to search movies| 
2021-10-05 23:22:19.0831|Debug|User exited the program| 
2021-10-05 23:32:14.5335|Trace|User chose option 2: Shows| 
2021-10-05 23:32:16.1012|Trace|User chose to add show| 
2021-10-05 23:32:44.9406|Trace|User chose option 2: Shows| 
2021-10-05 23:32:45.9912|Trace|User chose to search shows| 
2021-10-05 23:33:17.6495|Debug|User exited the program| 
2021-10-05 23:33:33.1065|Trace|User chose option 2: Shows| 
2021-10-05 23:33:34.2640|Trace|User chose to add show| 
2021-10-05 23:33:49.0658|Trace|User chose option 2: Shows| 
2021-10-05 23:33:50.5105|Trace|User chose to search shows| 
2021-10-05 23:34:04.0636|Debug|User exited the program| 
2021-10-05 23:34:09.7031|Trace|User chose option 2: Shows| 
2021-10-05 23:34:11.6146|Trace|User chose to search shows| 
